[2022-12-19 08:23:44.986 PM] [32minfo[39m: 	[32mInfo message[39m
[2022-12-19 08:23:44.987 PM] [31merror[39m: 	[31mError message[39m
[2022-12-19 08:23:44.987 PM] [33mwarn[39m: 	[33mWarning message[39m
[2022-12-19 11:51:07.024 PM] [32minfo[39m: 	[32mInfo message[39m
[2022-12-19 11:51:07.025 PM] [31merror[39m: 	[31mError message[39m
[2022-12-19 11:51:07.025 PM] [33mwarn[39m: 	[33mWarning message[39m
[2022-12-19 11:56:18.038 PM] [32minfo[39m: 	[32mInfo message[39m
[2022-12-19 11:56:18.040 PM] [31merror[39m: 	[31mError message[39m
[2022-12-19 11:56:18.040 PM] [33mwarn[39m: 	[33mWarning message[39m
[2022-12-20 12:01:10.679 AM] [32minfo[39m: 	[32mInfo message[39m
[2022-12-20 12:01:10.680 AM] [31merror[39m: 	[31mError message[39m
[2022-12-20 12:01:10.680 AM] [33mwarn[39m: 	[33mWarning message[39m
[2022-12-20 12:03:11.671 AM] [32minfo[39m: 	[32mInfo message[39m
[2022-12-20 12:03:11.672 AM] [31merror[39m: 	[31mError message[39m
[2022-12-20 12:03:11.673 AM] [33mwarn[39m: 	[33mWarning message[39m
[2022-12-20 12:08:06.674 AM] [32minfo[39m: 	[32mInfo message[39m
[2022-12-20 12:08:06.675 AM] [31merror[39m: 	[31mError message[39m
[2022-12-20 12:08:06.675 AM] [33mwarn[39m: 	[33mWarning message[39m
[2022-12-20 12:13:33.583 AM] [32minfo[39m: 	[32mInfo message[39m
[2022-12-20 12:13:33.584 AM] [31merror[39m: 	[31mError message[39m
[2022-12-20 12:13:33.585 AM] [33mwarn[39m: 	[33mWarning message[39m
[2022-12-20 12:14:08.174 AM] [32minfo[39m: 	[32mInfo message[39m
[2022-12-20 12:14:08.176 AM] [31merror[39m: 	[31mError message[39m
[2022-12-20 12:14:08.176 AM] [33mwarn[39m: 	[33mWarning message[39m
[2022-12-20 12:15:42.187 AM] [32minfo[39m: 	[32mInfo message[39m
[2022-12-20 12:15:42.188 AM] [31merror[39m: 	[31mError message[39m
[2022-12-20 12:15:42.188 AM] [33mwarn[39m: 	[33mWarning message[39m
[2022-12-20 12:15:54.543 AM] [32minfo[39m: 	[32mInfo message[39m
[2022-12-20 12:15:54.544 AM] [31merror[39m: 	[31mError message[39m
[2022-12-20 12:15:54.545 AM] [33mwarn[39m: 	[33mWarning message[39m
[2022-12-20 12:15:55.174 AM] [32minfo[39m: 	[32mInfo message[39m
[2022-12-20 12:15:55.175 AM] [31merror[39m: 	[31mError message[39m
[2022-12-20 12:15:55.176 AM] [33mwarn[39m: 	[33mWarning message[39m
[2022-12-20 12:16:24.566 AM] [32minfo[39m: 	[32mInfo message[39m
[2022-12-20 12:16:24.567 AM] [31merror[39m: 	[31mError message[39m
[2022-12-20 12:16:24.567 AM] [33mwarn[39m: 	[33mWarning message[39m
[2022-12-20 12:17:27.923 AM] [32minfo[39m: 	[32mInfo message[39m
[2022-12-20 12:17:27.925 AM] [31merror[39m: 	[31mError message[39m
[2022-12-20 12:17:27.925 AM] [33mwarn[39m: 	[33mWarning message[39m
[2022-12-20 12:21:48.498 AM] [32minfo[39m: 	[32mInfo message[39m
[2022-12-20 12:21:48.500 AM] [31merror[39m: 	[31mError message[39m
[2022-12-20 12:21:48.501 AM] [33mwarn[39m: 	[33mWarning message[39m
[2022-12-20 12:21:51.813 AM] [32minfo[39m: 	[32mInfo message[39m
[2022-12-20 12:21:51.814 AM] [31merror[39m: 	[31mError message[39m
[2022-12-20 12:21:51.815 AM] [33mwarn[39m: 	[33mWarning message[39m
[2022-12-20 12:22:30.266 AM] [32minfo[39m: 	[32mInfo message[39m
[2022-12-20 12:22:30.268 AM] [31merror[39m: 	[31mError message[39m
[2022-12-20 12:22:30.268 AM] [33mwarn[39m: 	[33mWarning message[39m
[2022-12-20 12:22:43.080 AM] [32minfo[39m: 	[32mInfo message[39m
[2022-12-20 12:22:43.081 AM] [31merror[39m: 	[31mError message[39m
[2022-12-20 12:22:43.081 AM] [33mwarn[39m: 	[33mWarning message[39m
[2022-12-20 12:26:41.455 AM] [32minfo[39m: 	[32mInfo message[39m
[2022-12-20 12:26:41.456 AM] [31merror[39m: 	[31mError message[39m
[2022-12-20 12:26:41.456 AM] [33mwarn[39m: 	[33mWarning message[39m
[2022-12-20 12:27:10.372 AM] [32minfo[39m: 	[32mInfo message[39m
[2022-12-20 12:27:10.373 AM] [31merror[39m: 	[31mError message[39m
[2022-12-20 12:27:10.373 AM] [33mwarn[39m: 	[33mWarning message[39m
[2022-12-20 12:28:14.207 AM] [32minfo[39m: 	[32mInfo message[39m
[2022-12-20 12:28:14.209 AM] [31merror[39m: 	[31mError message[39m
[2022-12-20 12:28:14.209 AM] [33mwarn[39m: 	[33mWarning message[39m
[2022-12-20 12:28:16.107 AM] [32minfo[39m: 	[32mInfo message[39m
[2022-12-20 12:28:16.108 AM] [31merror[39m: 	[31mError message[39m
[2022-12-20 12:28:16.109 AM] [33mwarn[39m: 	[33mWarning message[39m
[2022-12-20 12:33:04.609 AM] [32minfo[39m: 	[32mInfo message[39m
[2022-12-20 12:33:04.610 AM] [31merror[39m: 	[31mError message[39m
[2022-12-20 12:33:04.611 AM] [33mwarn[39m: 	[33mWarning message[39m
[2022-12-20 12:35:44.626 AM] [32minfo[39m: 	[32mInfo message[39m
[2022-12-20 12:35:44.627 AM] [31merror[39m: 	[31mError message[39m
[2022-12-20 12:35:44.627 AM] [33mwarn[39m: 	[33mWarning message[39m
[2022-12-20 12:37:02.659 AM] [32minfo[39m: 	[32mInfo message[39m
[2022-12-20 12:37:02.661 AM] [31merror[39m: 	[31mError message[39m
[2022-12-20 12:37:02.661 AM] [33mwarn[39m: 	[33mWarning message[39m
[2022-12-20 12:37:22.260 AM] [32minfo[39m: 	[32mInfo message[39m
[2022-12-20 12:37:22.262 AM] [31merror[39m: 	[31mError message[39m
[2022-12-20 12:37:22.262 AM] [33mwarn[39m: 	[33mWarning message[39m
[2022-12-20 12:38:49.649 AM] [32minfo[39m: 	[32mInfo message[39m
[2022-12-20 12:38:49.650 AM] [31merror[39m: 	[31mError message[39m
[2022-12-20 12:38:49.650 AM] [33mwarn[39m: 	[33mWarning message[39m
